# JRE version: Java(TM) SE Runtime Environment (8.0_11-b12) (build 1.8.0_11-b12)
# Java VM: Java HotSpot(TM) 64-Bit Server VM (25.11-b03 mixed mode bsd-amd64 compressed oops)
Heap:
 PSYoungGen      total 8704K, used 2420K [0x0000000795580000, 0x0000000796480000, 0x00000007c0000000)
  eden space 8192K, 27% used [0x0000000795580000,0x00000007957b50c0,0x0000000795d80000)
  from space 512K, 31% used [0x0000000796400000,0x0000000796428000,0x0000000796480000)
  to   space 1536K, 0% used [0x0000000796180000,0x0000000796180000,0x0000000796300000)
 ParOldGen       total 129536K, used 2174K [0x0000000740000000, 0x0000000747e80000, 0x0000000795580000)
  object space 129536K, 1% used [0x0000000740000000,0x000000074021f9a0,0x0000000747e80000)
 Metaspace       used 7485K, capacity 7613K, committed 7680K, reserved 1056768K
  class space    used 706K, capacity 748K, committed 768K, reserved 1048576K
GC Heap History (10 events):
Event: 0.874 GC heap before
{Heap before GC invocations=6 (full 0):
 PSYoungGen      total 2560K, used 2542K [0x0000000795580000, 0x0000000795c80000, 0x00000007c0000000)
  eden space 2048K, 99% used [0x0000000795580000,0x000000079577fa88,0x0000000795780000)
  from space 512K, 96% used [0x0000000795780000,0x00000007957fc010,0x0000000795800000)
  to   space 1536K, 0% used [0x0000000795b00000,0x0000000795b00000,0x0000000795c80000)
 ParOldGen       total 129536K, used 1233K [0x0000000740000000, 0x0000000747e80000, 0x0000000795580000)
  object space 129536K, 0% used [0x0000000740000000,0x00000007401347a8,0x0000000747e80000)
 Metaspace       used 6595K, capacity 6701K, committed 6912K, reserved 1056768K
  class space    used 650K, capacity 684K, committed 768K, reserved 1048576K
Event: 0.877 GC heap after
Heap after GC invocations=6 (full 0):
 PSYoungGen      total 5632K, used 1146K [0x0000000795580000, 0x0000000795c80000, 0x00000007c0000000)
  eden space 4096K, 0% used [0x0000000795580000,0x0000000795580000,0x0000000795980000)
  from space 1536K, 74% used [0x0000000795b00000,0x0000000795c1eb08,0x0000000795c80000)
  to   space 1536K, 0% used [0x0000000795980000,0x0000000795980000,0x0000000795b00000)
 ParOldGen       total 129536K, used 1241K [0x0000000740000000, 0x0000000747e80000, 0x0000000795580000)
  object space 129536K, 0% used [0x0000000740000000,0x00000007401367a8,0x0000000747e80000)
 Metaspace       used 6595K, capacity 6701K, committed 6912K, reserved 1056768K
  class space    used 650K, capacity 684K, committed 768K, reserved 1048576K
}
Event: 2.310 GC heap before
{Heap before GC invocations=7 (full 0):
 PSYoungGen      total 5632K, used 5242K [0x0000000795580000, 0x0000000795c80000, 0x00000007c0000000)
  eden space 4096K, 100% used [0x0000000795580000,0x0000000795980000,0x0000000795980000)
  from space 1536K, 74% used [0x0000000795b00000,0x0000000795c1eb08,0x0000000795c80000)
  to   space 1536K, 0% used [0x0000000795980000,0x0000000795980000,0x0000000795b00000)
 ParOldGen       total 129536K, used 1241K [0x0000000740000000, 0x0000000747e80000, 0x0000000795580000)
  object space 129536K, 0% used [0x0000000740000000,0x00000007401367a8,0x0000000747e80000)
 Metaspace       used 7317K, capacity 7421K, committed 7680K, reserved 1056768K
  class space    used 697K, capacity 748K, committed 768K, reserved 1048576K
Event: 2.315 GC heap after
Heap after GC invocations=7 (full 0):
 PSYoungGen      total 5632K, used 1193K [0x0000000795580000, 0x0000000796080000, 0x00000007c0000000)
  eden space 4096K, 0% used [0x0000000795580000,0x0000000795580000,0x0000000795980000)
  from space 1536K, 77% used [0x0000000795980000,0x0000000795aaa408,0x0000000795b00000)
  to   space 1536K, 0% used [0x0000000795f00000,0x0000000795f00000,0x0000000796080000)
 ParOldGen       total 129536K, used 1417K [0x0000000740000000, 0x0000000747e80000, 0x0000000795580000)
  object space 129536K, 1% used [0x0000000740000000,0x00000007401627c8,0x0000000747e80000)
 Metaspace       used 7317K, capacity 7421K, committed 7680K, reserved 1056768K
  class space    used 697K, capacity 748K, committed 768K, reserved 1048576K
}
Event: 4.560 GC heap before
{Heap before GC invocations=8 (full 0):
 PSYoungGen      total 5632K, used 5289K [0x0000000795580000, 0x0000000796080000, 0x00000007c0000000)
  eden space 4096K, 100% used [0x0000000795580000,0x0000000795980000,0x0000000795980000)
  from space 1536K, 77% used [0x0000000795980000,0x0000000795aaa408,0x0000000795b00000)
  to   space 1536K, 0% used [0x0000000795f00000,0x0000000795f00000,0x0000000796080000)
 ParOldGen       total 129536K, used 1417K [0x0000000740000000, 0x0000000747e80000, 0x0000000795580000)
  object space 129536K, 1% used [0x0000000740000000,0x00000007401627c8,0x0000000747e80000)
 Metaspace       used 7373K, capacity 7549K, committed 7680K, reserved 1056768K
  class space    used 703K, capacity 748K, committed 768K, reserved 1048576K
Event: 4.562 GC heap after
Heap after GC invocations=8 (full 0):
 PSYoungGen      total 9728K, used 686K [0x0000000795580000, 0x0000000796080000, 0x00000007c0000000)
  eden space 8192K, 0% used [0x0000000795580000,0x0000000795580000,0x0000000795d80000)
  from space 1536K, 44% used [0x0000000795f00000,0x0000000795fab890,0x0000000796080000)
  to   space 1536K, 0% used [0x0000000795d80000,0x0000000795d80000,0x0000000795f00000)
 ParOldGen       total 129536K, used 1553K [0x0000000740000000, 0x0000000747e80000, 0x0000000795580000)
  object space 129536K, 1% used [0x0000000740000000,0x00000007401847c8,0x0000000747e80000)
 Metaspace       used 7373K, capacity 7549K, committed 7680K, reserved 1056768K
  class space    used 703K, capacity 748K, committed 768K, reserved 1048576K
}
Event: 9.026 GC heap before
{Heap before GC invocations=9 (full 0):
 PSYoungGen      total 9728K, used 8878K [0x0000000795580000, 0x0000000796080000, 0x00000007c0000000)
  eden space 8192K, 100% used [0x0000000795580000,0x0000000795d80000,0x0000000795d80000)
  from space 1536K, 44% used [0x0000000795f00000,0x0000000795fab890,0x0000000796080000)
  to   space 1536K, 0% used [0x0000000795d80000,0x0000000795d80000,0x0000000795f00000)
 ParOldGen       total 129536K, used 1553K [0x0000000740000000, 0x0000000747e80000, 0x0000000795580000)
  object space 129536K, 1% used [0x0000000740000000,0x00000007401847c8,0x0000000747e80000)
 Metaspace       used 7398K, capacity 7549K, committed 7680K, reserved 1056768K
  class space    used 703K, capacity 748K, committed 768K, reserved 1048576K
Event: 9.029 GC heap after
Heap after GC invocations=9 (full 0):
 PSYoungGen      total 9728K, used 206K [0x0000000795580000, 0x0000000796580000, 0x00000007c0000000)
  eden space 8192K, 0% used [0x0000000795580000,0x0000000795580000,0x0000000795d80000)
  from space 1536K, 13% used [0x0000000795d80000,0x0000000795db3890,0x0000000795f00000)
  to   space 1536K, 0% used [0x0000000796400000,0x0000000796400000,0x0000000796580000)
 ParOldGen       total 129536K, used 2000K [0x0000000740000000, 0x0000000747e80000, 0x0000000795580000)
  object space 129536K, 1% used [0x0000000740000000,0x00000007401f4110,0x0000000747e80000)
 Metaspace       used 7398K, capacity 7549K, committed 7680K, reserved 1056768K
  class space    used 703K, capacity 748K, committed 768K, reserved 1048576K
}
Event: 13.511 GC heap before
{Heap before GC invocations=10 (full 0):
 PSYoungGen      total 9728K, used 8398K [0x0000000795580000, 0x0000000796580000, 0x00000007c0000000)
  eden space 8192K, 100% used [0x0000000795580000,0x0000000795d80000,0x0000000795d80000)
  from space 1536K, 13% used [0x0000000795d80000,0x0000000795db3890,0x0000000795f00000)
  to   space 1536K, 0% used [0x0000000796400000,0x0000000796400000,0x0000000796580000)
 ParOldGen       total 129536K, used 2000K [0x0000000740000000, 0x0000000747e80000, 0x0000000795580000)
  object space 129536K, 1% used [0x0000000740000000,0x00000007401f4110,0x0000000747e80000)
 Metaspace       used 7476K, capacity 7613K, committed 7680K, reserved 1056768K
  class space    used 705K, capacity 748K, committed 768K, reserved 1048576K
Event: 13.513 GC heap after
Heap after GC invocations=10 (full 0):
 PSYoungGen      total 8704K, used 160K [0x0000000795580000, 0x0000000796480000, 0x00000007c0000000)
  eden space 8192K, 0% used [0x0000000795580000,0x0000000795580000,0x0000000795d80000)
  from space 512K, 31% used [0x0000000796400000,0x0000000796428000,0x0000000796480000)
  to   space 1536K, 0% used [0x0000000796180000,0x0000000796180000,0x0000000796300000)
 ParOldGen       total 129536K, used 2174K [0x0000000740000000, 0x0000000747e80000, 0x0000000795580000)
  object space 129536K, 1% used [0x0000000740000000,0x000000074021f9a0,0x0000000747e80000)
 Metaspace       used 7476K, capacity 7613K, committed 7680K, reserved 1056768K
  class space    used 705K, capacity 748K, committed 768K, reserved 1048576K
}

