# JRE version: Java(TM) SE Runtime Environment (8.0_11-b12) (build 1.8.0_11-b12)
# Java VM: Java HotSpot(TM) 64-Bit Server VM (25.11-b03 mixed mode bsd-amd64 compressed oops)
Heap:
 PSYoungGen      total 9728K, used 1502K [0x0000000795580000, 0x0000000796480000, 0x00000007c0000000)
  eden space 8192K, 17% used [0x0000000795580000,0x00000007956dfbb0,0x0000000795d80000)
  from space 1536K, 6% used [0x0000000796180000,0x0000000796198000,0x0000000796300000)
  to   space 1536K, 0% used [0x0000000796300000,0x0000000796300000,0x0000000796480000)
 ParOldGen       total 129536K, used 2178K [0x0000000740000000, 0x0000000747e80000, 0x0000000795580000)
  object space 129536K, 1% used [0x0000000740000000,0x0000000740220ad0,0x0000000747e80000)
 Metaspace       used 7491K, capacity 7613K, committed 7680K, reserved 1056768K
  class space    used 706K, capacity 748K, committed 768K, reserved 1048576K
GC Heap History (10 events):
Event: 2.269 GC heap before
{Heap before GC invocations=7 (full 0):
 PSYoungGen      total 5632K, used 5209K [0x0000000795580000, 0x0000000795c80000, 0x00000007c0000000)
  eden space 4096K, 100% used [0x0000000795580000,0x0000000795980000,0x0000000795980000)
  from space 1536K, 72% used [0x0000000795b00000,0x0000000795c16488,0x0000000795c80000)
  to   space 1536K, 0% used [0x0000000795980000,0x0000000795980000,0x0000000795b00000)
 ParOldGen       total 129536K, used 1222K [0x0000000740000000, 0x0000000747e80000, 0x0000000795580000)
  object space 129536K, 0% used [0x0000000740000000,0x0000000740131a28,0x0000000747e80000)
 Metaspace       used 7321K, capacity 7421K, committed 7680K, reserved 1056768K
  class space    used 697K, capacity 748K, committed 768K, reserved 1048576K
Event: 2.273 GC heap after
Heap after GC invocations=7 (full 0):
 PSYoungGen      total 5632K, used 1175K [0x0000000795580000, 0x0000000796080000, 0x00000007c0000000)
  eden space 4096K, 0% used [0x0000000795580000,0x0000000795580000,0x0000000795980000)
  from space 1536K, 76% used [0x0000000795980000,0x0000000795aa5e38,0x0000000795b00000)
  to   space 1536K, 0% used [0x0000000795f00000,0x0000000795f00000,0x0000000796080000)
 ParOldGen       total 129536K, used 1390K [0x0000000740000000, 0x0000000747e80000, 0x0000000795580000)
  object space 129536K, 1% used [0x0000000740000000,0x000000074015ba48,0x0000000747e80000)
 Metaspace       used 7321K, capacity 7421K, committed 7680K, reserved 1056768K
  class space    used 697K, capacity 748K, committed 768K, reserved 1048576K
}
Event: 4.584 GC heap before
{Heap before GC invocations=8 (full 0):
 PSYoungGen      total 5632K, used 5271K [0x0000000795580000, 0x0000000796080000, 0x00000007c0000000)
  eden space 4096K, 100% used [0x0000000795580000,0x0000000795980000,0x0000000795980000)
  from space 1536K, 76% used [0x0000000795980000,0x0000000795aa5e38,0x0000000795b00000)
  to   space 1536K, 0% used [0x0000000795f00000,0x0000000795f00000,0x0000000796080000)
 ParOldGen       total 129536K, used 1390K [0x0000000740000000, 0x0000000747e80000, 0x0000000795580000)
  object space 129536K, 1% used [0x0000000740000000,0x000000074015ba48,0x0000000747e80000)
 Metaspace       used 7375K, capacity 7549K, committed 7680K, reserved 1056768K
  class space    used 703K, capacity 748K, committed 768K, reserved 1048576K
Event: 4.586 GC heap after
Heap after GC invocations=8 (full 0):
 PSYoungGen      total 9728K, used 686K [0x0000000795580000, 0x0000000796080000, 0x00000007c0000000)
  eden space 8192K, 0% used [0x0000000795580000,0x0000000795580000,0x0000000795d80000)
  from space 1536K, 44% used [0x0000000795f00000,0x0000000795fab890,0x0000000796080000)
  to   space 1536K, 0% used [0x0000000795d80000,0x0000000795d80000,0x0000000795f00000)
 ParOldGen       total 129536K, used 1510K [0x0000000740000000, 0x0000000747e80000, 0x0000000795580000)
  object space 129536K, 1% used [0x0000000740000000,0x0000000740179a48,0x0000000747e80000)
 Metaspace       used 7375K, capacity 7549K, committed 7680K, reserved 1056768K
  class space    used 703K, capacity 748K, committed 768K, reserved 1048576K
}
Event: 9.220 GC heap before
{Heap before GC invocations=9 (full 0):
 PSYoungGen      total 9728K, used 8878K [0x0000000795580000, 0x0000000796080000, 0x00000007c0000000)
  eden space 8192K, 100% used [0x0000000795580000,0x0000000795d80000,0x0000000795d80000)
  from space 1536K, 44% used [0x0000000795f00000,0x0000000795fab890,0x0000000796080000)
  to   space 1536K, 0% used [0x0000000795d80000,0x0000000795d80000,0x0000000795f00000)
 ParOldGen       total 129536K, used 1510K [0x0000000740000000, 0x0000000747e80000, 0x0000000795580000)
  object space 129536K, 1% used [0x0000000740000000,0x0000000740179a48,0x0000000747e80000)
 Metaspace       used 7400K, capacity 7549K, committed 7680K, reserved 1056768K
  class space    used 703K, capacity 748K, committed 768K, reserved 1048576K
Event: 9.224 GC heap after
Heap after GC invocations=9 (full 0):
 PSYoungGen      total 9728K, used 238K [0x0000000795580000, 0x0000000796580000, 0x00000007c0000000)
  eden space 8192K, 0% used [0x0000000795580000,0x0000000795580000,0x0000000795d80000)
  from space 1536K, 15% used [0x0000000795d80000,0x0000000795dbb890,0x0000000795f00000)
  to   space 1536K, 0% used [0x0000000796400000,0x0000000796400000,0x0000000796580000)
 ParOldGen       total 129536K, used 1972K [0x0000000740000000, 0x0000000747e80000, 0x0000000795580000)
  object space 129536K, 1% used [0x0000000740000000,0x00000007401ed240,0x0000000747e80000)
 Metaspace       used 7400K, capacity 7549K, committed 7680K, reserved 1056768K
  class space    used 703K, capacity 748K, committed 768K, reserved 1048576K
}
Event: 13.853 GC heap before
{Heap before GC invocations=10 (full 0):
 PSYoungGen      total 9728K, used 8430K [0x0000000795580000, 0x0000000796580000, 0x00000007c0000000)
  eden space 8192K, 100% used [0x0000000795580000,0x0000000795d80000,0x0000000795d80000)
  from space 1536K, 15% used [0x0000000795d80000,0x0000000795dbb890,0x0000000795f00000)
  to   space 1536K, 0% used [0x0000000796400000,0x0000000796400000,0x0000000796580000)
 ParOldGen       total 129536K, used 1972K [0x0000000740000000, 0x0000000747e80000, 0x0000000795580000)
  object space 129536K, 1% used [0x0000000740000000,0x00000007401ed240,0x0000000747e80000)
 Metaspace       used 7480K, capacity 7613K, committed 7680K, reserved 1056768K
  class space    used 705K, capacity 748K, committed 768K, reserved 1048576K
Event: 13.855 GC heap after
Heap after GC invocations=10 (full 0):
 PSYoungGen      total 8704K, used 160K [0x0000000795580000, 0x0000000796480000, 0x00000007c0000000)
  eden space 8192K, 0% used [0x0000000795580000,0x0000000795580000,0x0000000795d80000)
  from space 512K, 31% used [0x0000000796400000,0x0000000796428000,0x0000000796480000)
  to   space 1536K, 0% used [0x0000000796180000,0x0000000796180000,0x0000000796300000)
 ParOldGen       total 129536K, used 2154K [0x0000000740000000, 0x0000000747e80000, 0x0000000795580000)
  object space 129536K, 1% used [0x0000000740000000,0x000000074021aad0,0x0000000747e80000)
 Metaspace       used 7480K, capacity 7613K, committed 7680K, reserved 1056768K
  class space    used 705K, capacity 748K, committed 768K, reserved 1048576K
}
Event: 18.522 GC heap before
{Heap before GC invocations=11 (full 0):
 PSYoungGen      total 8704K, used 8352K [0x0000000795580000, 0x0000000796480000, 0x00000007c0000000)
  eden space 8192K, 100% used [0x0000000795580000,0x0000000795d80000,0x0000000795d80000)
  from space 512K, 31% used [0x0000000796400000,0x0000000796428000,0x0000000796480000)
  to   space 1536K, 0% used [0x0000000796180000,0x0000000796180000,0x0000000796300000)
 ParOldGen       total 129536K, used 2154K [0x0000000740000000, 0x0000000747e80000, 0x0000000795580000)
  object space 129536K, 1% used [0x0000000740000000,0x000000074021aad0,0x0000000747e80000)
 Metaspace       used 7485K, capacity 7613K, committed 7680K, reserved 1056768K
  class space    used 705K, capacity 748K, committed 768K, reserved 1048576K
Event: 18.524 GC heap after
Heap after GC invocations=11 (full 0):
 PSYoungGen      total 9728K, used 96K [0x0000000795580000, 0x0000000796480000, 0x00000007c0000000)
  eden space 8192K, 0% used [0x0000000795580000,0x0000000795580000,0x0000000795d80000)
  from space 1536K, 6% used [0x0000000796180000,0x0000000796198000,0x0000000796300000)
  to   space 1536K, 0% used [0x0000000796300000,0x0000000796300000,0x0000000796480000)
 ParOldGen       total 129536K, used 2178K [0x0000000740000000, 0x0000000747e80000, 0x0000000795580000)
  object space 129536K, 1% used [0x0000000740000000,0x0000000740220ad0,0x0000000747e80000)
 Metaspace       used 7485K, capacity 7613K, committed 7680K, reserved 1056768K
  class space    used 705K, capacity 748K, committed 768K, reserved 1048576K
}

