# JRE version: Java(TM) SE Runtime Environment (8.0_11-b12) (build 1.8.0_11-b12)
# Java VM: Java HotSpot(TM) 64-Bit Server VM (25.11-b03 mixed mode bsd-amd64 compressed oops)
Heap:
 PSYoungGen      total 10240K, used 1976K [0x0000000795580000, 0x0000000796480000, 0x00000007c0000000)
  eden space 8192K, 22% used [0x0000000795580000,0x000000079574e3e0,0x0000000795d80000)
  from space 2048K, 6% used [0x0000000796080000,0x00000007960a0000,0x0000000796280000)
  to   space 2048K, 0% used [0x0000000796280000,0x0000000796280000,0x0000000796480000)
 ParOldGen       total 129536K, used 7724K [0x0000000740000000, 0x0000000747e80000, 0x0000000795580000)
  object space 129536K, 5% used [0x0000000740000000,0x000000074078b0c0,0x0000000747e80000)
 Metaspace       used 7893K, capacity 8029K, committed 8320K, reserved 1056768K
  class space    used 741K, capacity 780K, committed 896K, reserved 1048576K
GC Heap History (10 events):
Event: 1.874 GC heap before
{Heap before GC invocations=7 (full 0):
 PSYoungGen      total 5632K, used 5152K [0x0000000795580000, 0x0000000795c80000, 0x00000007c0000000)
  eden space 4096K, 100% used [0x0000000795580000,0x0000000795980000,0x0000000795980000)
  from space 1536K, 68% used [0x0000000795b00000,0x0000000795c08000,0x0000000795c80000)
  to   space 1536K, 0% used [0x0000000795980000,0x0000000795980000,0x0000000795b00000)
 ParOldGen       total 129536K, used 6651K [0x0000000740000000, 0x0000000747e80000, 0x0000000795580000)
  object space 129536K, 5% used [0x0000000740000000,0x000000074067eec8,0x0000000747e80000)
 Metaspace       used 7684K, capacity 7773K, committed 8064K, reserved 1056768K
  class space    used 733K, capacity 780K, committed 896K, reserved 1048576K
Event: 1.879 GC heap after
Heap after GC invocations=7 (full 0):
 PSYoungGen      total 5632K, used 1506K [0x0000000795580000, 0x0000000796180000, 0x00000007c0000000)
  eden space 4096K, 0% used [0x0000000795580000,0x0000000795580000,0x0000000795980000)
  from space 1536K, 98% used [0x0000000795980000,0x0000000795af8890,0x0000000795b00000)
  to   space 2048K, 0% used [0x0000000795f80000,0x0000000795f80000,0x0000000796180000)
 ParOldGen       total 129536K, used 6851K [0x0000000740000000, 0x0000000747e80000, 0x0000000795580000)
  object space 129536K, 5% used [0x0000000740000000,0x00000007406b0ef8,0x0000000747e80000)
 Metaspace       used 7684K, capacity 7773K, committed 8064K, reserved 1056768K
  class space    used 733K, capacity 780K, committed 896K, reserved 1048576K
}
Event: 3.532 GC heap before
{Heap before GC invocations=8 (full 0):
 PSYoungGen      total 5632K, used 5602K [0x0000000795580000, 0x0000000796180000, 0x00000007c0000000)
  eden space 4096K, 100% used [0x0000000795580000,0x0000000795980000,0x0000000795980000)
  from space 1536K, 98% used [0x0000000795980000,0x0000000795af8890,0x0000000795b00000)
  to   space 2048K, 0% used [0x0000000795f80000,0x0000000795f80000,0x0000000796180000)
 ParOldGen       total 129536K, used 6851K [0x0000000740000000, 0x0000000747e80000, 0x0000000795580000)
  object space 129536K, 5% used [0x0000000740000000,0x00000007406b0ef8,0x0000000747e80000)
 Metaspace       used 7756K, capacity 7901K, committed 8064K, reserved 1056768K
  class space    used 738K, capacity 780K, committed 896K, reserved 1048576K
Event: 3.535 GC heap after
Heap after GC invocations=8 (full 0):
 PSYoungGen      total 9216K, used 718K [0x0000000795580000, 0x0000000796080000, 0x00000007c0000000)
  eden space 8192K, 0% used [0x0000000795580000,0x0000000795580000,0x0000000795d80000)
  from space 1024K, 70% used [0x0000000795f80000,0x0000000796033890,0x0000000796080000)
  to   space 1536K, 0% used [0x0000000795d80000,0x0000000795d80000,0x0000000795f00000)
 ParOldGen       total 129536K, used 7011K [0x0000000740000000, 0x0000000747e80000, 0x0000000795580000)
  object space 129536K, 5% used [0x0000000740000000,0x00000007406d8ef8,0x0000000747e80000)
 Metaspace       used 7756K, capacity 7901K, committed 8064K, reserved 1056768K
  class space    used 738K, capacity 780K, committed 896K, reserved 1048576K
}
Event: 6.863 GC heap before
{Heap before GC invocations=9 (full 0):
 PSYoungGen      total 9216K, used 8910K [0x0000000795580000, 0x0000000796080000, 0x00000007c0000000)
  eden space 8192K, 100% used [0x0000000795580000,0x0000000795d80000,0x0000000795d80000)
  from space 1024K, 70% used [0x0000000795f80000,0x0000000796033890,0x0000000796080000)
  to   space 1536K, 0% used [0x0000000795d80000,0x0000000795d80000,0x0000000795f00000)
 ParOldGen       total 129536K, used 7011K [0x0000000740000000, 0x0000000747e80000, 0x0000000795580000)
  object space 129536K, 5% used [0x0000000740000000,0x00000007406d8ef8,0x0000000747e80000)
 Metaspace       used 7776K, capacity 7901K, committed 8064K, reserved 1056768K
  class space    used 738K, capacity 780K, committed 896K, reserved 1048576K
Event: 6.865 GC heap after
Heap after GC invocations=9 (full 0):
 PSYoungGen      total 9728K, used 334K [0x0000000795580000, 0x0000000796580000, 0x00000007c0000000)
  eden space 8192K, 0% used [0x0000000795580000,0x0000000795580000,0x0000000795d80000)
  from space 1536K, 21% used [0x0000000795d80000,0x0000000795dd3890,0x0000000795f00000)
  to   space 1536K, 0% used [0x0000000796400000,0x0000000796400000,0x0000000796580000)
 ParOldGen       total 129536K, used 7448K [0x0000000740000000, 0x0000000747e80000, 0x0000000795580000)
  object space 129536K, 5% used [0x0000000740000000,0x0000000740746030,0x0000000747e80000)
 Metaspace       used 7776K, capacity 7901K, committed 8064K, reserved 1056768K
  class space    used 738K, capacity 780K, committed 896K, reserved 1048576K
}
Event: 10.166 GC heap before
{Heap before GC invocations=10 (full 0):
 PSYoungGen      total 9728K, used 8526K [0x0000000795580000, 0x0000000796580000, 0x00000007c0000000)
  eden space 8192K, 100% used [0x0000000795580000,0x0000000795d80000,0x0000000795d80000)
  from space 1536K, 21% used [0x0000000795d80000,0x0000000795dd3890,0x0000000795f00000)
  to   space 1536K, 0% used [0x0000000796400000,0x0000000796400000,0x0000000796580000)
 ParOldGen       total 129536K, used 7448K [0x0000000740000000, 0x0000000747e80000, 0x0000000795580000)
  object space 129536K, 5% used [0x0000000740000000,0x0000000740746030,0x0000000747e80000)
 Metaspace       used 7843K, capacity 7965K, committed 8320K, reserved 1056768K
  class space    used 738K, capacity 780K, committed 896K, reserved 1048576K
Event: 10.167 GC heap after
Heap after GC invocations=10 (full 0):
 PSYoungGen      total 8704K, used 96K [0x0000000795580000, 0x0000000796480000, 0x00000007c0000000)
  eden space 8192K, 0% used [0x0000000795580000,0x0000000795580000,0x0000000795d80000)
  from space 512K, 18% used [0x0000000796400000,0x0000000796418000,0x0000000796480000)
  to   space 2048K, 0% used [0x0000000796080000,0x0000000796080000,0x0000000796280000)
 ParOldGen       total 129536K, used 7700K [0x0000000740000000, 0x0000000747e80000, 0x0000000795580000)
  object space 129536K, 5% used [0x0000000740000000,0x00000007407850c0,0x0000000747e80000)
 Metaspace       used 7843K, capacity 7965K, committed 8320K, reserved 1056768K
  class space    used 738K, capacity 780K, committed 896K, reserved 1048576K
}
Event: 13.465 GC heap before
{Heap before GC invocations=11 (full 0):
 PSYoungGen      total 8704K, used 8288K [0x0000000795580000, 0x0000000796480000, 0x00000007c0000000)
  eden space 8192K, 100% used [0x0000000795580000,0x0000000795d80000,0x0000000795d80000)
  from space 512K, 18% used [0x0000000796400000,0x0000000796418000,0x0000000796480000)
  to   space 2048K, 0% used [0x0000000796080000,0x0000000796080000,0x0000000796280000)
 ParOldGen       total 129536K, used 7700K [0x0000000740000000, 0x0000000747e80000, 0x0000000795580000)
  object space 129536K, 5% used [0x0000000740000000,0x00000007407850c0,0x0000000747e80000)
 Metaspace       used 7884K, capacity 8029K, committed 8320K, reserved 1056768K
  class space    used 741K, capacity 780K, committed 896K, reserved 1048576K
Event: 13.466 GC heap after
Heap after GC invocations=11 (full 0):
 PSYoungGen      total 10240K, used 128K [0x0000000795580000, 0x0000000796480000, 0x00000007c0000000)
  eden space 8192K, 0% used [0x0000000795580000,0x0000000795580000,0x0000000795d80000)
  from space 2048K, 6% used [0x0000000796080000,0x00000007960a0000,0x0000000796280000)
  to   space 2048K, 0% used [0x0000000796280000,0x0000000796280000,0x0000000796480000)
 ParOldGen       total 129536K, used 7724K [0x0000000740000000, 0x0000000747e80000, 0x0000000795580000)
  object space 129536K, 5% used [0x0000000740000000,0x000000074078b0c0,0x0000000747e80000)
 Metaspace       used 7884K, capacity 8029K, committed 8320K, reserved 1056768K
  class space    used 741K, capacity 780K, committed 896K, reserved 1048576K
}

