# JRE version: Java(TM) SE Runtime Environment (8.0_11-b12) (build 1.8.0_11-b12)
# Java VM: Java HotSpot(TM) 64-Bit Server VM (25.11-b03 mixed mode bsd-amd64 compressed oops)
Heap:
 PSYoungGen      total 8704K, used 5812K [0x0000000795580000, 0x0000000796280000, 0x00000007c0000000)
  eden space 8192K, 70% used [0x0000000795580000,0x0000000795b1d370,0x0000000795d80000)
  from space 512K, 12% used [0x0000000796200000,0x0000000796210000,0x0000000796280000)
  to   space 1536K, 0% used [0x0000000795f80000,0x0000000795f80000,0x0000000796100000)
 ParOldGen       total 129536K, used 2165K [0x0000000740000000, 0x0000000747e80000, 0x0000000795580000)
  object space 129536K, 1% used [0x0000000740000000,0x000000074021d450,0x0000000747e80000)
 Metaspace       used 7455K, capacity 7567K, committed 7680K, reserved 1056768K
  class space    used 709K, capacity 754K, committed 768K, reserved 1048576K
GC Heap History (10 events):
Event: 48.476 GC heap before
{Heap before GC invocations=10 (full 0):
 PSYoungGen      total 9728K, used 8462K [0x0000000795580000, 0x0000000796580000, 0x00000007c0000000)
  eden space 8192K, 100% used [0x0000000795580000,0x0000000795d80000,0x0000000795d80000)
  from space 1536K, 17% used [0x0000000795d80000,0x0000000795dc3890,0x0000000795f00000)
  to   space 1536K, 0% used [0x0000000796400000,0x0000000796400000,0x0000000796580000)
 ParOldGen       total 129536K, used 1950K [0x0000000740000000, 0x0000000747e80000, 0x0000000795580000)
  object space 129536K, 1% used [0x0000000740000000,0x00000007401e7bc0,0x0000000747e80000)
 Metaspace       used 7439K, capacity 7567K, committed 7680K, reserved 1056768K
  class space    used 709K, capacity 754K, committed 768K, reserved 1048576K
Event: 48.478 GC heap after
Heap after GC invocations=10 (full 0):
 PSYoungGen      total 8704K, used 64K [0x0000000795580000, 0x0000000796480000, 0x00000007c0000000)
  eden space 8192K, 0% used [0x0000000795580000,0x0000000795580000,0x0000000795d80000)
  from space 512K, 12% used [0x0000000796400000,0x0000000796410000,0x0000000796480000)
  to   space 1536K, 0% used [0x0000000796180000,0x0000000796180000,0x0000000796300000)
 ParOldGen       total 129536K, used 2093K [0x0000000740000000, 0x0000000747e80000, 0x0000000795580000)
  object space 129536K, 1% used [0x0000000740000000,0x000000074020b450,0x0000000747e80000)
 Metaspace       used 7439K, capacity 7567K, committed 7680K, reserved 1056768K
  class space    used 709K, capacity 754K, committed 768K, reserved 1048576K
}
Event: 65.480 GC heap before
{Heap before GC invocations=11 (full 0):
 PSYoungGen      total 8704K, used 8256K [0x0000000795580000, 0x0000000796480000, 0x00000007c0000000)
  eden space 8192K, 100% used [0x0000000795580000,0x0000000795d80000,0x0000000795d80000)
  from space 512K, 12% used [0x0000000796400000,0x0000000796410000,0x0000000796480000)
  to   space 1536K, 0% used [0x0000000796180000,0x0000000796180000,0x0000000796300000)
 ParOldGen       total 129536K, used 2093K [0x0000000740000000, 0x0000000747e80000, 0x0000000795580000)
  object space 129536K, 1% used [0x0000000740000000,0x000000074020b450,0x0000000747e80000)
 Metaspace       used 7440K, capacity 7567K, committed 7680K, reserved 1056768K
  class space    used 709K, capacity 754K, committed 768K, reserved 1048576K
Event: 65.481 GC heap after
Heap after GC invocations=11 (full 0):
 PSYoungGen      total 9728K, used 128K [0x0000000795580000, 0x0000000796480000, 0x00000007c0000000)
  eden space 8192K, 0% used [0x0000000795580000,0x0000000795580000,0x0000000795d80000)
  from space 1536K, 8% used [0x0000000796180000,0x00000007961a0000,0x0000000796300000)
  to   space 1536K, 0% used [0x0000000796300000,0x0000000796300000,0x0000000796480000)
 ParOldGen       total 129536K, used 2141K [0x0000000740000000, 0x0000000747e80000, 0x0000000795580000)
  object space 129536K, 1% used [0x0000000740000000,0x0000000740217450,0x0000000747e80000)
 Metaspace       used 7440K, capacity 7567K, committed 7680K, reserved 1056768K
  class space    used 709K, capacity 754K, committed 768K, reserved 1048576K
}
Event: 82.564 GC heap before
{Heap before GC invocations=12 (full 0):
 PSYoungGen      total 9728K, used 8320K [0x0000000795580000, 0x0000000796480000, 0x00000007c0000000)
  eden space 8192K, 100% used [0x0000000795580000,0x0000000795d80000,0x0000000795d80000)
  from space 1536K, 8% used [0x0000000796180000,0x00000007961a0000,0x0000000796300000)
  to   space 1536K, 0% used [0x0000000796300000,0x0000000796300000,0x0000000796480000)
 ParOldGen       total 129536K, used 2141K [0x0000000740000000, 0x0000000747e80000, 0x0000000795580000)
  object space 129536K, 1% used [0x0000000740000000,0x0000000740217450,0x0000000747e80000)
 Metaspace       used 7440K, capacity 7567K, committed 7680K, reserved 1056768K
  class space    used 709K, capacity 754K, committed 768K, reserved 1048576K
Event: 82.566 GC heap after
Heap after GC invocations=12 (full 0):
 PSYoungGen      total 8704K, used 32K [0x0000000795580000, 0x0000000796380000, 0x00000007c0000000)
  eden space 8192K, 0% used [0x0000000795580000,0x0000000795580000,0x0000000795d80000)
  from space 512K, 6% used [0x0000000796300000,0x0000000796308000,0x0000000796380000)
  to   space 1536K, 0% used [0x0000000796080000,0x0000000796080000,0x0000000796200000)
 ParOldGen       total 129536K, used 2157K [0x0000000740000000, 0x0000000747e80000, 0x0000000795580000)
  object space 129536K, 1% used [0x0000000740000000,0x000000074021b450,0x0000000747e80000)
 Metaspace       used 7440K, capacity 7567K, committed 7680K, reserved 1056768K
  class space    used 709K, capacity 754K, committed 768K, reserved 1048576K
}
Event: 99.651 GC heap before
{Heap before GC invocations=13 (full 0):
 PSYoungGen      total 8704K, used 8224K [0x0000000795580000, 0x0000000796380000, 0x00000007c0000000)
  eden space 8192K, 100% used [0x0000000795580000,0x0000000795d80000,0x0000000795d80000)
  from space 512K, 6% used [0x0000000796300000,0x0000000796308000,0x0000000796380000)
  to   space 1536K, 0% used [0x0000000796080000,0x0000000796080000,0x0000000796200000)
 ParOldGen       total 129536K, used 2157K [0x0000000740000000, 0x0000000747e80000, 0x0000000795580000)
  object space 129536K, 1% used [0x0000000740000000,0x000000074021b450,0x0000000747e80000)
 Metaspace       used 7440K, capacity 7567K, committed 7680K, reserved 1056768K
  class space    used 709K, capacity 754K, committed 768K, reserved 1048576K
Event: 99.652 GC heap after
Heap after GC invocations=13 (full 0):
 PSYoungGen      total 9728K, used 64K [0x0000000795580000, 0x0000000796380000, 0x00000007c0000000)
  eden space 8192K, 0% used [0x0000000795580000,0x0000000795580000,0x0000000795d80000)
  from space 1536K, 4% used [0x0000000796080000,0x0000000796090000,0x0000000796200000)
  to   space 1536K, 0% used [0x0000000796200000,0x0000000796200000,0x0000000796380000)
 ParOldGen       total 129536K, used 2157K [0x0000000740000000, 0x0000000747e80000, 0x0000000795580000)
  object space 129536K, 1% used [0x0000000740000000,0x000000074021b450,0x0000000747e80000)
 Metaspace       used 7440K, capacity 7567K, committed 7680K, reserved 1056768K
  class space    used 709K, capacity 754K, committed 768K, reserved 1048576K
}
Event: 116.735 GC heap before
{Heap before GC invocations=14 (full 0):
 PSYoungGen      total 9728K, used 8256K [0x0000000795580000, 0x0000000796380000, 0x00000007c0000000)
  eden space 8192K, 100% used [0x0000000795580000,0x0000000795d80000,0x0000000795d80000)
  from space 1536K, 4% used [0x0000000796080000,0x0000000796090000,0x0000000796200000)
  to   space 1536K, 0% used [0x0000000796200000,0x0000000796200000,0x0000000796380000)
 ParOldGen       total 129536K, used 2157K [0x0000000740000000, 0x0000000747e80000, 0x0000000795580000)
  object space 129536K, 1% used [0x0000000740000000,0x000000074021b450,0x0000000747e80000)
 Metaspace       used 7440K, capacity 7567K, committed 7680K, reserved 1056768K
  class space    used 709K, capacity 754K, committed 768K, reserved 1048576K
Event: 116.736 GC heap after
Heap after GC invocations=14 (full 0):
 PSYoungGen      total 8704K, used 64K [0x0000000795580000, 0x0000000796280000, 0x00000007c0000000)
  eden space 8192K, 0% used [0x0000000795580000,0x0000000795580000,0x0000000795d80000)
  from space 512K, 12% used [0x0000000796200000,0x0000000796210000,0x0000000796280000)
  to   space 1536K, 0% used [0x0000000795f80000,0x0000000795f80000,0x0000000796100000)
 ParOldGen       total 129536K, used 2165K [0x0000000740000000, 0x0000000747e80000, 0x0000000795580000)
  object space 129536K, 1% used [0x0000000740000000,0x000000074021d450,0x0000000747e80000)
 Metaspace       used 7440K, capacity 7567K, committed 7680K, reserved 1056768K
  class space    used 709K, capacity 754K, committed 768K, reserved 1048576K
}

